빌드 시작: 2016-11-23 오후 4:56:37
     1>2 노드의 "C:\Users\Jae-hong\Documents\Visual Studio 2013\Projects\ConsoleApplication2\ConsoleApplication2\ConsoleApplication2.vcxproj" 프로젝트(Rebuild 대상)입니다.
     1>ClCompile:
         C:\Program Files (x86)\Microsoft Visual Studio 12.0\VC\bin\CL.exe /c /ZI /nologo /W3 /WX- /sdl- /Od /Oy- /D WIN32 /D _DEBUG /D _WINDOWS /D _USRDLL /D CONSOLEAPPLICATION2_EXPORTS /D _WINDLL /D _UNICODE /D UNICODE /Gm /EHsc /RTC1 /MDd /GS /fp:precise /Zc:wchar_t /Zc:forScope /Yc"stdafx.h" /Fp"Debug\ConsoleApplication2.pch" /Fo"Debug\\" /Fd"Debug\vc120.pdb" /Gd /TP /analyze- /errorReport:prompt stdafx.cpp
         stdafx.cpp
         C:\Program Files (x86)\Microsoft Visual Studio 12.0\VC\bin\CL.exe /c /ZI /nologo /W3 /WX- /sdl- /Od /Oy- /D WIN32 /D _DEBUG /D _WINDOWS /D _USRDLL /D CONSOLEAPPLICATION2_EXPORTS /D _WINDLL /D _UNICODE /D UNICODE /Gm /EHsc /RTC1 /MDd /GS /fp:precise /Zc:wchar_t /Zc:forScope /Yu"stdafx.h" /Fp"Debug\ConsoleApplication2.pch" /Fo"Debug\\" /Fd"Debug\vc120.pdb" /Gd /TP /analyze- /errorReport:prompt ConsoleApplication2.cpp
         ConsoleApplication2.cpp
         C:\Program Files (x86)\Microsoft Visual Studio 12.0\VC\bin\CL.exe /c /ZI /nologo /W3 /WX- /sdl- /Od /Oy- /D WIN32 /D _DEBUG /D _WINDOWS /D _USRDLL /D CONSOLEAPPLICATION2_EXPORTS /D _WINDLL /D _UNICODE /D UNICODE /Gm /EHsc /RTC1 /MDd /GS /fp:precise /Zc:wchar_t /Zc:forScope /Fo"Debug\\" /Fd"Debug\vc120.pdb" /Gd /TP /analyze- /errorReport:prompt dllmain.cpp
         dllmain.cpp
     1>c:\users\jae-hong\documents\visual studio 2013\projects\consoleapplication2\consoleapplication2\dllmain.cpp(44): warning C4996: 'wcstombs': This function or variable may be unsafe. Consider using wcstombs_s instead. To disable deprecation, use _CRT_SECURE_NO_WARNINGS. See online help for details.
                 c:\program files (x86)\microsoft visual studio 12.0\vc\include\stdlib.h(575) : 'wcstombs' 선언을 참조하십시오.
     1>c:\users\jae-hong\documents\visual studio 2013\projects\consoleapplication2\consoleapplication2\dllmain.cpp(49): warning C4273: 'myOutputDebugString' : dll 링크가 일치하지 않습니다.
                 c:\users\jae-hong\documents\visual studio 2013\projects\consoleapplication2\consoleapplication2\dllmain.cpp(17) : 'myOutputDebugString'의 이전 정의를 참조하십시오.
     1>c:\users\jae-hong\documents\visual studio 2013\projects\consoleapplication2\consoleapplication2\dllmain.cpp(59): warning C4273: 'hook' : dll 링크가 일치하지 않습니다.
                 c:\users\jae-hong\documents\visual studio 2013\projects\consoleapplication2\consoleapplication2\dllmain.cpp(12) : 'hook'의 이전 정의를 참조하십시오.
     1>c:\users\jae-hong\documents\visual studio 2013\projects\consoleapplication2\consoleapplication2\dllmain.cpp(137): warning C4273: 'GetHandletoName' : dll 링크가 일치하지 않습니다.
                 c:\users\jae-hong\documents\visual studio 2013\projects\consoleapplication2\consoleapplication2\dllmain.cpp(13) : 'GetHandletoName'의 이전 정의를 참조하십시오.
     1>c:\users\jae-hong\documents\visual studio 2013\projects\consoleapplication2\consoleapplication2\dllmain.cpp(164): warning C4273: 'EnableDebugPriv' : dll 링크가 일치하지 않습니다.
                 c:\users\jae-hong\documents\visual studio 2013\projects\consoleapplication2\consoleapplication2\dllmain.cpp(18) : 'EnableDebugPriv'의 이전 정의를 참조하십시오.
     1>c:\users\jae-hong\documents\visual studio 2013\projects\consoleapplication2\consoleapplication2\dllmain.cpp(161): warning C4715: 'GetHandletoName' : 모든 제어 경로에서 값을 반환하지는 않습니다.
       Link:
         C:\Program Files (x86)\Microsoft Visual Studio 12.0\VC\bin\link.exe /ERRORREPORT:PROMPT /OUT:"C:\Users\Jae-hong\Documents\Visual Studio 2013\Projects\ConsoleApplication2\Debug\ConsoleApplication2.dll" /INCREMENTAL /NOLOGO kernel32.lib user32.lib gdi32.lib winspool.lib comdlg32.lib advapi32.lib shell32.lib ole32.lib oleaut32.lib uuid.lib odbc32.lib odbccp32.lib /MANIFEST /MANIFESTUAC:"level='asInvoker' uiAccess='false'" /manifest:embed /DEBUG /PDB:"C:\Users\Jae-hong\Documents\Visual Studio 2013\Projects\ConsoleApplication2\Debug\ConsoleApplication2.pdb" /SUBSYSTEM:WINDOWS /TLBID:1 /DYNAMICBASE /NXCOMPAT /IMPLIB:"C:\Users\Jae-hong\Documents\Visual Studio 2013\Projects\ConsoleApplication2\Debug\ConsoleApplication2.lib" /MACHINE:X86 /DLL Debug\ConsoleApplication2.obj
         Debug\dllmain.obj
         Debug\stdafx.obj
            C:\Users\Jae-hong\Documents\Visual Studio 2013\Projects\ConsoleApplication2\Debug\ConsoleApplication2.lib 라이브러리 및 C:\Users\Jae-hong\Documents\Visual Studio 2013\Projects\ConsoleApplication2\Debug\ConsoleApplication2.exp 개체를 생성하고 있습니다.
         ConsoleApplication2.vcxproj -> C:\Users\Jae-hong\Documents\Visual Studio 2013\Projects\ConsoleApplication2\Debug\ConsoleApplication2.dll
     1>"C:\Users\Jae-hong\Documents\Visual Studio 2013\Projects\ConsoleApplication2\ConsoleApplication2\ConsoleApplication2.vcxproj" 프로젝트를 빌드했습니다(Rebuild 대상).

빌드했습니다.

경과 시간: 00:00:06.93
